<?xml version="1.0" encoding="UTF-8"?>
<!-- Generated by org.testng.reporters.JUnitReportReporter -->
<testsuite hostname="LAPTOP-SBK3ALQV" failures="0" tests="3" name="testNGScripts.TNG10" time="0.003" errors="0" timestamp="06 Dec 2023 09:36:00 GMT" skipped="0">
  <testcase classname="testNGScripts.TNG10" name="testmethod" time="0.001"/>
  <testcase classname="testNGScripts.TNG10" name="testmethod" time="0.001"/>
  <testcase classname="testNGScripts.TNG10" name="testmethod" time="0.001"/>
</testsuite> <!-- testNGScripts.TNG10 -->
