<?xml version="1.0" encoding="UTF-8"?>
<!-- Generated by org.testng.reporters.JUnitReportReporter -->
<testsuite hostname="LAPTOP-SBK3ALQV" failures="0" tests="2" name="testNGScripts.TNG2" time="0.006" errors="0" timestamp="06 Dec 2023 09:36:00 GMT" skipped="0">
  <testcase classname="testNGScripts.TNG2" name="testMethod" time="0.003"/>
  <testcase classname="testNGScripts.TNG2" name="ex2testMethod1" time="0.003"/>
</testsuite> <!-- testNGScripts.TNG2 -->
