<?xml version="1.0" encoding="UTF-8"?>
<!-- Generated by org.testng.reporters.JUnitReportReporter -->
<testsuite hostname="LAPTOP-SBK3ALQV" failures="0" tests="2" name="testNGScripts.TNG1" time="0.004" errors="0" timestamp="06 Dec 2023 09:36:00 GMT" skipped="0">
  <testcase classname="testNGScripts.TNG1" name="testMethod2" time="0.002"/>
  <testcase classname="testNGScripts.TNG1" name="ex1testMethod1" time="0.002"/>
</testsuite> <!-- testNGScripts.TNG1 -->
