<?xml version="1.0" encoding="UTF-8"?>
<!-- Generated by org.testng.reporters.JUnitReportReporter -->
<testsuite hostname="LAPTOP-SBK3ALQV" failures="0" tests="4" name="testNGScripts.TNG6" time="0.003" errors="0" timestamp="06 Dec 2023 09:36:00 GMT" skipped="1">
  <testcase classname="testNGScripts.TNG6" name="sindhuja" time="0.001"/>
  <testcase classname="testNGScripts.TNG6" name="lalitha" time="0.001"/>
  <testcase classname="testNGScripts.TNG6" name="praveen" time="0.001"/>
  <testcase classname="testNGScripts.TNG6" name="asatyavani">
    <skipped/>
  </testcase> <!-- asatyavani -->
</testsuite> <!-- testNGScripts.TNG6 -->
