<?xml version="1.0" encoding="UTF-8"?>
<!-- Generated by org.testng.reporters.JUnitReportReporter -->
<testsuite hostname="LAPTOP-SBK3ALQV" failures="0" tests="1" name="testNGScripts.TNG3" time="11.743" errors="0" timestamp="06 Dec 2023 09:36:00 GMT" skipped="0">
  <testcase classname="testNGScripts.TNG3" name="ncLogin" time="11.743"/>
</testsuite> <!-- testNGScripts.TNG3 -->
